The SAS System                              05:13 Tuesday, September 8, 2015   1

Obs    fahrenheit     celsius

  1         10       -12.2222
  2         20        -6.6667
  3         30        -1.1111
  4         40         4.4444
  5         50        10.0000
  6         60        15.5556
  7         70        21.1111
  8         80        26.6667
  9         90        32.2222
 10        100        37.7778
 11        110        43.3333
 12        120        48.8889
The SAS System                              05:13 Tuesday, September 8, 2015   2

The MEANS Procedure

Variable       N            Mean         Std Dev         Minimum         Maximum
--------------------------------------------------------------------------------
fahrenheit    12      65.0000000      36.0555128      10.0000000     120.0000000
celsius       12      18.3333333      20.0308404     -12.2222222      48.8888889
--------------------------------------------------------------------------------
